found example in ./cuda/gccalso
found example in ./cuda/cray
found example in ./cuda/nvidia
found example in ./openacc/cray
found example in ./openacc/nvidia
found example in ./cudalib/factor
found example in ./cudalib/fft
found example in ./mpi/openacc/cray
found example in ./mpi/openacc/nvidia/nvidiaopenmpi
found example in ./mpi/openacc/nvidia/nrelopenmpi
found example in ./mpi/cudaaware
found example in ./mpi/normal/intel+abi
found example in ./mpi/normal/cray
found example in ./mpi/normal/nvidia/nvidiaopenmpi
found example in ./mpi/normal/nvidia/nrelopenmpi
found example in ./mpi/withcuda/cray
found example in ./mpi/withcuda/nvidia/nvidiaopenmpi
found example in ./mpi/withcuda/nvidia/nrelopenmpi
++++++++
./cuda/gccalso
x3100c0s5b0n0
 STREAM Benchmark implementation in CUDA on device 0 of x3100c0s5b0n0
 Device name: NVIDIA H100 80GB HBM3
 Array elements 67108864 Array size (double precision) = 536.87 MB
 NTIMES 2000
 using 192 threads per block, 349526 blocks
 output in IEC units (KiB = 1024 B)

Function      Rate (GiB/s)  Avg time(s)  Min time(s)  Max time(s)
-----------------------------------------------------------------
Copy:        2695.5681      0.00037288   0.00037098   0.00038195
Scale:       2681.7801      0.00037476   0.00037289   0.00038314
Add:         2863.6577      0.00052586   0.00052381   0.00053287
Triad:       2863.6577      0.00052569   0.00052381   0.00053287
 STREAM Benchmark implementation in CUDA on device 1 of x3100c0s5b0n0
 Device name: NVIDIA H100 80GB HBM3
 Array elements 67108864 Array size (double precision) = 536.87 MB
 NTIMES 2000
 using 192 threads per block, 349526 blocks
 output in IEC units (KiB = 1024 B)

Function      Rate (GiB/s)  Avg time(s)  Min time(s)  Max time(s)
-----------------------------------------------------------------
Copy:        2695.5681      0.00037296   0.00037098   0.00038099
Scale:       2681.7801      0.00037481   0.00037289   0.00038409
Add:         2863.6577      0.00052591   0.00052381   0.00053406
Triad:       2863.6577      0.00052572   0.00052381   0.00053596
 STREAM Benchmark implementation in CUDA on device 2 of x3100c0s5b0n0
 Device name: NVIDIA H100 80GB HBM3
 Array elements 67108864 Array size (double precision) = 536.87 MB
 NTIMES 2000
 using 192 threads per block, 349526 blocks
 output in IEC units (KiB = 1024 B)

Function      Rate (GiB/s)  Avg time(s)  Min time(s)  Max time(s)
-----------------------------------------------------------------
Copy:        2704.2579      0.00037236   0.00036979   0.00038099
Scale:       2688.6564      0.00037423   0.00037193   0.00038290
Add:         2863.6577      0.00052526   0.00052381   0.00053310
Triad:       2868.8810      0.00052514   0.00052285   0.00053596
 STREAM Benchmark implementation in CUDA on device 3 of x3100c0s5b0n0
 Device name: NVIDIA H100 80GB HBM3
 Array elements 67108864 Array size (double precision) = 536.87 MB
 NTIMES 2000
 using 192 threads per block, 349526 blocks
 output in IEC units (KiB = 1024 B)

Function      Rate (GiB/s)  Avg time(s)  Min time(s)  Max time(s)
-----------------------------------------------------------------
Copy:        2704.2579      0.00037225   0.00036979   0.00038004
Scale:       2688.6564      0.00037406   0.00037193   0.00038409
Add:         2868.8810      0.00052510   0.00052285   0.00053310
Triad:       2868.8810      0.00052495   0.00052285   0.00053215

x3100c0s9b0n0
 STREAM Benchmark implementation in CUDA on device 0 of x3100c0s9b0n0
 Device name: NVIDIA H100 80GB HBM3
 Array elements 67108864 Array size (double precision) = 536.87 MB
 NTIMES 2000
 using 192 threads per block, 349526 blocks
 output in IEC units (KiB = 1024 B)

Function      Rate (GiB/s)  Avg time(s)  Min time(s)  Max time(s)
-----------------------------------------------------------------
Copy:        2695.5681      0.00037291   0.00037098   0.00038218
Scale:       2681.7801      0.00037474   0.00037289   0.00038791
Add:         2863.6577      0.00052577   0.00052381   0.00053716
Triad:       2863.6577      0.00052561   0.00052381   0.00053596
 STREAM Benchmark implementation in CUDA on device 1 of x3100c0s9b0n0
 Device name: NVIDIA H100 80GB HBM3
 Array elements 67108864 Array size (double precision) = 536.87 MB
 NTIMES 2000
 using 192 threads per block, 349526 blocks
 output in IEC units (KiB = 1024 B)

Function      Rate (GiB/s)  Avg time(s)  Min time(s)  Max time(s)
-----------------------------------------------------------------
Copy:        2704.2579      0.00037254   0.00036979   0.00038004
Scale:       2688.6564      0.00037439   0.00037193   0.00038290
Add:         2863.6577      0.00052544   0.00052381   0.00053787
Triad:       2867.5734      0.00052527   0.00052309   0.00053215
 STREAM Benchmark implementation in CUDA on device 2 of x3100c0s9b0n0
 Device name: NVIDIA H100 80GB HBM3
 Array elements 67108864 Array size (double precision) = 536.87 MB
 NTIMES 2000
 using 192 threads per block, 349526 blocks
 output in IEC units (KiB = 1024 B)

Function      Rate (GiB/s)  Avg time(s)  Min time(s)  Max time(s)
-----------------------------------------------------------------
Copy:        2702.5155      0.00037233   0.00037003   0.00038385
Scale:       2688.6564      0.00037418   0.00037193   0.00038600
Add:         2863.6577      0.00052529   0.00052381   0.00053716
Triad:       2868.8810      0.00052511   0.00052285   0.00053620
 STREAM Benchmark implementation in CUDA on device 3 of x3100c0s9b0n0
 Device name: NVIDIA H100 80GB HBM3
 Array elements 67108864 Array size (double precision) = 536.87 MB
 NTIMES 2000
 using 192 threads per block, 349526 blocks
 output in IEC units (KiB = 1024 B)

Function      Rate (GiB/s)  Avg time(s)  Min time(s)  Max time(s)
-----------------------------------------------------------------
Copy:        2704.2579      0.00037222   0.00036979   0.00038290
Scale:       2688.6564      0.00037400   0.00037193   0.00039601
Add:         2868.8810      0.00052509   0.00052285   0.00054002
Triad:       2868.8810      0.00052491   0.00052285   0.00053596

Runtime 77.619 ./cuda/gccalso 77.630 total
++++++++
./cuda/cray
x3100c0s5b0n0
 STREAM Benchmark implementation in CUDA on device 0 of x3100c0s5b0n0
 Device name: NVIDIA H100 80GB HBM3
 Array elements 67108864 Array size (double precision) = 536.87 MB
 NTIMES 2000
 using 192 threads per block, 349526 blocks
 output in IEC units (KiB = 1024 B)

Function      Rate (GiB/s)  Avg time(s)  Min time(s)  Max time(s)
-----------------------------------------------------------------
Copy:        2695.5681      0.00037300   0.00037098   0.00038314
Scale:       2681.7801      0.00037483   0.00037289   0.00039411
Add:         2863.6577      0.00052595   0.00052381   0.00054312
Triad:       2863.6577      0.00052588   0.00052381   0.00053406
 STREAM Benchmark implementation in CUDA on device 1 of x3100c0s5b0n0
 Device name: NVIDIA H100 80GB HBM3
 Array elements 67108864 Array size (double precision) = 536.87 MB
 NTIMES 2000
 using 192 threads per block, 349526 blocks
 output in IEC units (KiB = 1024 B)

Function      Rate (GiB/s)  Avg time(s)  Min time(s)  Max time(s)
-----------------------------------------------------------------
Copy:        2695.5681      0.00037299   0.00037098   0.00038195
Scale:       2681.7801      0.00037482   0.00037289   0.00038385
Add:         2863.6577      0.00052590   0.00052381   0.00053406
Triad:       2863.6577      0.00052572   0.00052381   0.00053596
 STREAM Benchmark implementation in CUDA on device 2 of x3100c0s5b0n0
 Device name: NVIDIA H100 80GB HBM3
 Array elements 67108864 Array size (double precision) = 536.87 MB
 NTIMES 2000
 using 192 threads per block, 349526 blocks
 output in IEC units (KiB = 1024 B)

Function      Rate (GiB/s)  Avg time(s)  Min time(s)  Max time(s)
-----------------------------------------------------------------
Copy:        2702.5155      0.00037250   0.00037003   0.00037980
Scale:       2688.6564      0.00037432   0.00037193   0.00038218
Add:         2863.6577      0.00052540   0.00052381   0.00053406
Triad:       2867.5734      0.00052525   0.00052309   0.00053406
 STREAM Benchmark implementation in CUDA on device 3 of x3100c0s5b0n0
 Device name: NVIDIA H100 80GB HBM3
 Array elements 67108864 Array size (double precision) = 536.87 MB
 NTIMES 2000
 using 192 threads per block, 349526 blocks
 output in IEC units (KiB = 1024 B)

Function      Rate (GiB/s)  Avg time(s)  Min time(s)  Max time(s)
-----------------------------------------------------------------
Copy:        2704.2579      0.00037236   0.00036979   0.00038195
Scale:       2688.6564      0.00037416   0.00037193   0.00038099
Add:         2867.5734      0.00052528   0.00052309   0.00053310
Triad:       2868.8810      0.00052506   0.00052285   0.00053406

x3100c0s9b0n0
 STREAM Benchmark implementation in CUDA on device 0 of x3100c0s9b0n0
 Device name: NVIDIA H100 80GB HBM3
 Array elements 67108864 Array size (double precision) = 536.87 MB
 NTIMES 2000
 using 192 threads per block, 349526 blocks
 output in IEC units (KiB = 1024 B)

Function      Rate (GiB/s)  Avg time(s)  Min time(s)  Max time(s)
-----------------------------------------------------------------
Copy:        2695.5681      0.00037301   0.00037098   0.00038505
Scale:       2681.7801      0.00037482   0.00037289   0.00038600
Add:         2863.6577      0.00052599   0.00052381   0.00053811
Triad:       2863.6577      0.00052576   0.00052381   0.00053906
 STREAM Benchmark implementation in CUDA on device 1 of x3100c0s9b0n0
 Device name: NVIDIA H100 80GB HBM3
 Array elements 67108864 Array size (double precision) = 536.87 MB
 NTIMES 2000
 using 192 threads per block, 349526 blocks
 output in IEC units (KiB = 1024 B)

Function      Rate (GiB/s)  Avg time(s)  Min time(s)  Max time(s)
-----------------------------------------------------------------
Copy:        2695.5681      0.00037306   0.00037098   0.00038409
Scale:       2681.7801      0.00037483   0.00037289   0.00038600
Add:         2863.6577      0.00052596   0.00052381   0.00054693
Triad:       2863.6577      0.00052578   0.00052381   0.00054002
 STREAM Benchmark implementation in CUDA on device 2 of x3100c0s9b0n0
 Device name: NVIDIA H100 80GB HBM3
 Array elements 67108864 Array size (double precision) = 536.87 MB
 NTIMES 2000
 using 192 threads per block, 349526 blocks
 output in IEC units (KiB = 1024 B)

Function      Rate (GiB/s)  Avg time(s)  Min time(s)  Max time(s)
-----------------------------------------------------------------
Copy:        2704.2579      0.00037244   0.00036979   0.00038600
Scale:       2688.6564      0.00037426   0.00037193   0.00038791
Add:         2863.6577      0.00052538   0.00052381   0.00053716
Triad:       2868.8810      0.00052523   0.00052285   0.00053692
 STREAM Benchmark implementation in CUDA on device 3 of x3100c0s9b0n0
 Device name: NVIDIA H100 80GB HBM3
 Array elements 67108864 Array size (double precision) = 536.87 MB
 NTIMES 2000
 using 192 threads per block, 349526 blocks
 output in IEC units (KiB = 1024 B)

Function      Rate (GiB/s)  Avg time(s)  Min time(s)  Max time(s)
-----------------------------------------------------------------
Copy:        2704.2579      0.00037226   0.00036979   0.00038290
Scale:       2688.6564      0.00037405   0.00037193   0.00038600
Add:         2868.8810      0.00052531   0.00052285   0.00053596
Triad:       2868.8810      0.00052511   0.00052285   0.00053596

Runtime 79.518 ./cuda/cray 157.162 total
++++++++
./cuda/nvidia
x3100c0s5b0n0
 STREAM Benchmark implementation in CUDA on device 0 of x3100c0s5b0n0
 Device name: NVIDIA H100 80GB HBM3
 Array elements 67108864 Array size (double precision) = 536.87 MB
 NTIMES 2000
 using 192 threads per block, 349526 blocks
 output in IEC units (KiB = 1024 B)

Function      Rate (GiB/s)  Avg time(s)  Min time(s)  Max time(s)
-----------------------------------------------------------------
Copy:        2695.5681      0.00037292   0.00037098   0.00038195
Scale:       2681.7801      0.00037476   0.00037289   0.00038385
Add:         2863.6577      0.00052587   0.00052381   0.00053501
Triad:       2863.6577      0.00052565   0.00052381   0.00053287
 STREAM Benchmark implementation in CUDA on device 1 of x3100c0s5b0n0
 Device name: NVIDIA H100 80GB HBM3
 Array elements 67108864 Array size (double precision) = 536.87 MB
 NTIMES 2000
 using 192 threads per block, 349526 blocks
 output in IEC units (KiB = 1024 B)

Function      Rate (GiB/s)  Avg time(s)  Min time(s)  Max time(s)
-----------------------------------------------------------------
Copy:        2695.5681      0.00037292   0.00037098   0.00038004
Scale:       2681.7801      0.00037481   0.00037289   0.00038290
Add:         2863.6577      0.00052585   0.00052381   0.00053501
Triad:       2863.6577      0.00052566   0.00052381   0.00053501
 STREAM Benchmark implementation in CUDA on device 2 of x3100c0s5b0n0
 Device name: NVIDIA H100 80GB HBM3
 Array elements 67108864 Array size (double precision) = 536.87 MB
 NTIMES 2000
 using 192 threads per block, 349526 blocks
 output in IEC units (KiB = 1024 B)

Function      Rate (GiB/s)  Avg time(s)  Min time(s)  Max time(s)
-----------------------------------------------------------------
Copy:        2702.5155      0.00037247   0.00037003   0.00038099
Scale:       2688.6564      0.00037425   0.00037193   0.00038314
Add:         2863.6577      0.00052540   0.00052381   0.00053716
Triad:       2868.8810      0.00052519   0.00052285   0.00053191
 STREAM Benchmark implementation in CUDA on device 3 of x3100c0s5b0n0
 Device name: NVIDIA H100 80GB HBM3
 Array elements 67108864 Array size (double precision) = 536.87 MB
 NTIMES 2000
 using 192 threads per block, 349526 blocks
 output in IEC units (KiB = 1024 B)

Function      Rate (GiB/s)  Avg time(s)  Min time(s)  Max time(s)
-----------------------------------------------------------------
Copy:        2704.2579      0.00037226   0.00036979   0.00038195
Scale:       2688.6564      0.00037408   0.00037193   0.00038314
Add:         2863.6577      0.00052516   0.00052381   0.00053382
Triad:       2868.8810      0.00052499   0.00052285   0.00053191

x3100c0s9b0n0
 STREAM Benchmark implementation in CUDA on device 0 of x3100c0s9b0n0
 Device name: NVIDIA H100 80GB HBM3
 Array elements 67108864 Array size (double precision) = 536.87 MB
 NTIMES 2000
 using 192 threads per block, 349526 blocks
 output in IEC units (KiB = 1024 B)

Function      Rate (GiB/s)  Avg time(s)  Min time(s)  Max time(s)
-----------------------------------------------------------------
Copy:        2695.5681      0.00037298   0.00037098   0.00038385
Scale:       2681.7801      0.00037483   0.00037289   0.00038791
Add:         2863.6577      0.00052591   0.00052381   0.00053716
Triad:       2863.6577      0.00052571   0.00052381   0.00053787
 STREAM Benchmark implementation in CUDA on device 1 of x3100c0s9b0n0
 Device name: NVIDIA H100 80GB HBM3
 Array elements 67108864 Array size (double precision) = 536.87 MB
 NTIMES 2000
 using 192 threads per block, 349526 blocks
 output in IEC units (KiB = 1024 B)

Function      Rate (GiB/s)  Avg time(s)  Min time(s)  Max time(s)
-----------------------------------------------------------------
Copy:        2695.5681      0.00037297   0.00037098   0.00038600
Scale:       2681.7801      0.00037483   0.00037289   0.00039005
Add:         2863.6577      0.00052586   0.00052381   0.00054002
Triad:       2863.6577      0.00052568   0.00052381   0.00053692
 STREAM Benchmark implementation in CUDA on device 2 of x3100c0s9b0n0
 Device name: NVIDIA H100 80GB HBM3
 Array elements 67108864 Array size (double precision) = 536.87 MB
 NTIMES 2000
 using 192 threads per block, 349526 blocks
 output in IEC units (KiB = 1024 B)

Function      Rate (GiB/s)  Avg time(s)  Min time(s)  Max time(s)
-----------------------------------------------------------------
Copy:        2704.2579      0.00037238   0.00036979   0.00038505
Scale:       2688.6564      0.00037422   0.00037193   0.00039101
Add:         2863.6577      0.00052530   0.00052381   0.00053787
Triad:       2868.8810      0.00052514   0.00052285   0.00053811
 STREAM Benchmark implementation in CUDA on device 3 of x3100c0s9b0n0
 Device name: NVIDIA H100 80GB HBM3
 Array elements 67108864 Array size (double precision) = 536.87 MB
 NTIMES 2000
 using 192 threads per block, 349526 blocks
 output in IEC units (KiB = 1024 B)

Function      Rate (GiB/s)  Avg time(s)  Min time(s)  Max time(s)
-----------------------------------------------------------------
Copy:        2704.2579      0.00037202   0.00036979   0.00038290
Scale:       2688.6564      0.00037389   0.00037193   0.00038910
Add:         2868.8810      0.00052500   0.00052285   0.00053501
Triad:       2868.8810      0.00052488   0.00052285   0.00053501

Runtime 76.080 ./cuda/nvidia 233.254 total
++++++++
./openacc/cray
x3100c0s5b0n0
running on gpu 0
4096 tests completed. 4096 tests PASSED. 0 tests failed.
n=1024 bodies for 20 iterations
OpenACC:       0.572000 ms: 1099.904844 GFLOP/s
Sequential:    23.804000 ms: 26.430246 GFLOP/s
running on gpu 1
4096 tests completed. 4096 tests PASSED. 0 tests failed.
n=1024 bodies for 20 iterations
OpenACC:       0.572000 ms: 1099.904844 GFLOP/s
Sequential:    23.763000 ms: 26.475848 GFLOP/s
running on gpu 2
4096 tests completed. 4096 tests PASSED. 0 tests failed.
n=1024 bodies for 20 iterations
OpenACC:       0.549000 ms: 1145.984648 GFLOP/s
Sequential:    23.787000 ms: 26.449135 GFLOP/s
running on gpu 3
4096 tests completed. 4096 tests PASSED. 0 tests failed.
n=1024 bodies for 20 iterations
OpenACC:       0.538000 ms: 1169.415640 GFLOP/s
Sequential:    23.805000 ms: 26.429136 GFLOP/s

x3100c0s9b0n0
running on gpu 0
4096 tests completed. 4096 tests PASSED. 0 tests failed.
n=1024 bodies for 20 iterations
OpenACC:       0.579000 ms: 1086.607261 GFLOP/s
Sequential:    23.761000 ms: 26.478078 GFLOP/s
running on gpu 1
4096 tests completed. 4096 tests PASSED. 0 tests failed.
n=1024 bodies for 20 iterations
OpenACC:       0.578000 ms: 1088.487180 GFLOP/s
Sequential:    23.788000 ms: 26.448024 GFLOP/s
running on gpu 2
4096 tests completed. 4096 tests PASSED. 0 tests failed.
n=1024 bodies for 20 iterations
OpenACC:       0.555000 ms: 1133.595661 GFLOP/s
Sequential:    23.872000 ms: 26.354960 GFLOP/s
running on gpu 3
4096 tests completed. 4096 tests PASSED. 0 tests failed.
n=1024 bodies for 20 iterations
OpenACC:       0.538000 ms: 1169.415640 GFLOP/s
Sequential:    23.783000 ms: 26.453583 GFLOP/s

Runtime 27.892 ./openacc/cray 261.164 total
++++++++
./openacc/nvidia
x3100c0s5b0n0
running on gpu 0
4096 tests completed. 4096 tests PASSED. 0 tests failed.
n=1024 bodies for 20 iterations
OpenACC:       0.575000 ms: 1094.166284 GFLOP/s
Sequential:    19.107000 ms: 32.927492 GFLOP/s
running on gpu 1
4096 tests completed. 4096 tests PASSED. 0 tests failed.
n=1024 bodies for 20 iterations
OpenACC:       0.579000 ms: 1086.607261 GFLOP/s
Sequential:    19.114000 ms: 32.915433 GFLOP/s
running on gpu 2
4096 tests completed. 4096 tests PASSED. 0 tests failed.
n=1024 bodies for 20 iterations
OpenACC:       0.549000 ms: 1145.984648 GFLOP/s
Sequential:    19.128000 ms: 32.891342 GFLOP/s
running on gpu 3
4096 tests completed. 4096 tests PASSED. 0 tests failed.
n=1024 bodies for 20 iterations
OpenACC:       0.543000 ms: 1158.647550 GFLOP/s
Sequential:    19.111000 ms: 32.920601 GFLOP/s

x3100c0s9b0n0
running on gpu 0
4096 tests completed. 4096 tests PASSED. 0 tests failed.
n=1024 bodies for 20 iterations
OpenACC:       0.572000 ms: 1099.904844 GFLOP/s
Sequential:    19.118000 ms: 32.908547 GFLOP/s
running on gpu 1
4096 tests completed. 4096 tests PASSED. 0 tests failed.
n=1024 bodies for 20 iterations
OpenACC:       0.577000 ms: 1090.373615 GFLOP/s
Sequential:    19.128000 ms: 32.891342 GFLOP/s
running on gpu 2
4096 tests completed. 4096 tests PASSED. 0 tests failed.
n=1024 bodies for 20 iterations
OpenACC:       0.550000 ms: 1143.901066 GFLOP/s
Sequential:    19.118000 ms: 32.908547 GFLOP/s
running on gpu 3
4096 tests completed. 4096 tests PASSED. 0 tests failed.
n=1024 bodies for 20 iterations
OpenACC:       0.538000 ms: 1169.415640 GFLOP/s
Sequential:    19.140000 ms: 32.870722 GFLOP/s

Runtime 16.177 ./openacc/nvidia 277.358 total
++++++++
./cudalib/factor


++++++++++++++++++++++
running MKL version
++++++++++++++++++++++
Matrix size 4500
Printing 10 elements
threads 32
compute the LU factorization...

solving the system...

print the result : {0.00111012 0.00111012 0.00111012 0.00111012 0.00111012 0.00111012 0.00111012 0.00111012 0.00111012 0.00111012 }

TIMINGS (seconds)
  CPU total 0.144185


++++++++++++++++++++++
running libsci version
++++++++++++++++++++++
Matrix size 4500
Printing 10 elements
threads 32
compute the LU factorization...

solving the system...

print the result : {0.00111012 0.00111012 0.00111012 0.00111012 0.00111012 0.00111012 0.00111012 0.00111012 0.00111012 0.00111012 }

TIMINGS (seconds)
  CPU total 0.311176


++++++++++++++++++++++
running gpu version
++++++++++++++++++++++
On GPU NVIDIA H100 80GB HBM3 # 0
Matrix size 4500
Printing 10 elements
pivot is on : compute P*A = L*U 
top corner of A = (matlab base-1)
1.00 0.20 0.20 0.20 0.20 0.20 0.20 0.20 0.20 0.20 
0.20 1.00 0.20 0.20 0.20 0.20 0.20 0.20 0.20 0.20 
0.20 0.20 1.00 0.20 0.20 0.20 0.20 0.20 0.20 0.20 
0.20 0.20 0.20 1.00 0.20 0.20 0.20 0.20 0.20 0.20 
0.20 0.20 0.20 0.20 1.00 0.20 0.20 0.20 0.20 0.20 
0.20 0.20 0.20 0.20 0.20 1.00 0.20 0.20 0.20 0.20 
0.20 0.20 0.20 0.20 0.20 0.20 1.00 0.20 0.20 0.20 
0.20 0.20 0.20 0.20 0.20 0.20 0.20 1.00 0.20 0.20 
0.20 0.20 0.20 0.20 0.20 0.20 0.20 0.20 1.00 0.20 
0.20 0.20 0.20 0.20 0.20 0.20 0.20 0.20 0.20 1.00 
=====
Beginnig of B = (matlab base-1)
1.00 
1.00 
1.00 
1.00 
1.00 
1.00 
1.00 
1.00 
1.00 
1.00 
=====
beginning of pivoting sequence, matlab base-1
Ipiv(1) = 1
Ipiv(2) = 2
Ipiv(3) = 3
Ipiv(4) = 4
Ipiv(5) = 5
Ipiv(6) = 6
Ipiv(7) = 7
Ipiv(8) = 8
Ipiv(9) = 9
Ipiv(10) = 10
top corner of L and U = (matlab base-1)
1.00 0.20 0.20 0.20 0.20 0.20 0.20 0.20 0.20 0.20 
0.20 0.96 0.16 0.16 0.16 0.16 0.16 0.16 0.16 0.16 
0.20 0.17 0.93 0.13 0.13 0.13 0.13 0.13 0.13 0.13 
0.20 0.17 0.14 0.91 0.11 0.11 0.11 0.11 0.11 0.11 
0.20 0.17 0.14 0.12 0.90 0.10 0.10 0.10 0.10 0.10 
0.20 0.17 0.14 0.12 0.11 0.89 0.09 0.09 0.09 0.09 
0.20 0.17 0.14 0.12 0.11 0.10 0.88 0.08 0.08 0.08 
0.20 0.17 0.14 0.12 0.11 0.10 0.09 0.87 0.07 0.07 
0.20 0.17 0.14 0.12 0.11 0.10 0.09 0.08 0.87 0.07 
0.20 0.17 0.14 0.12 0.11 0.10 0.09 0.08 0.08 0.86 
=====
=====
Beginnig of X = (matlab base-1)
0.0011101243 
0.0011101243 
0.0011101243 
0.0011101243 
0.0011101243 
0.0011101243 
0.0011101243 
0.0011101243 
0.0011101243 
0.0011101243 
TIMINGS (seconds)
  to device 0.00710821
     solve  0.0331581
from device 0.00659704
  GPU total 0.0468922


++++++++++++++++++++++
running gpu version
++++++++++++++++++++++
On GPU NVIDIA H100 80GB HBM3 # 1
Matrix size 4500
Printing 10 elements
pivot is on : compute P*A = L*U 
top corner of A = (matlab base-1)
1.00 0.20 0.20 0.20 0.20 0.20 0.20 0.20 0.20 0.20 
0.20 1.00 0.20 0.20 0.20 0.20 0.20 0.20 0.20 0.20 
0.20 0.20 1.00 0.20 0.20 0.20 0.20 0.20 0.20 0.20 
0.20 0.20 0.20 1.00 0.20 0.20 0.20 0.20 0.20 0.20 
0.20 0.20 0.20 0.20 1.00 0.20 0.20 0.20 0.20 0.20 
0.20 0.20 0.20 0.20 0.20 1.00 0.20 0.20 0.20 0.20 
0.20 0.20 0.20 0.20 0.20 0.20 1.00 0.20 0.20 0.20 
0.20 0.20 0.20 0.20 0.20 0.20 0.20 1.00 0.20 0.20 
0.20 0.20 0.20 0.20 0.20 0.20 0.20 0.20 1.00 0.20 
0.20 0.20 0.20 0.20 0.20 0.20 0.20 0.20 0.20 1.00 
=====
Beginnig of B = (matlab base-1)
1.00 
1.00 
1.00 
1.00 
1.00 
1.00 
1.00 
1.00 
1.00 
1.00 
=====
beginning of pivoting sequence, matlab base-1
Ipiv(1) = 1
Ipiv(2) = 2
Ipiv(3) = 3
Ipiv(4) = 4
Ipiv(5) = 5
Ipiv(6) = 6
Ipiv(7) = 7
Ipiv(8) = 8
Ipiv(9) = 9
Ipiv(10) = 10
top corner of L and U = (matlab base-1)
1.00 0.20 0.20 0.20 0.20 0.20 0.20 0.20 0.20 0.20 
0.20 0.96 0.16 0.16 0.16 0.16 0.16 0.16 0.16 0.16 
0.20 0.17 0.93 0.13 0.13 0.13 0.13 0.13 0.13 0.13 
0.20 0.17 0.14 0.91 0.11 0.11 0.11 0.11 0.11 0.11 
0.20 0.17 0.14 0.12 0.90 0.10 0.10 0.10 0.10 0.10 
0.20 0.17 0.14 0.12 0.11 0.89 0.09 0.09 0.09 0.09 
0.20 0.17 0.14 0.12 0.11 0.10 0.88 0.08 0.08 0.08 
0.20 0.17 0.14 0.12 0.11 0.10 0.09 0.87 0.07 0.07 
0.20 0.17 0.14 0.12 0.11 0.10 0.09 0.08 0.87 0.07 
0.20 0.17 0.14 0.12 0.11 0.10 0.09 0.08 0.08 0.86 
=====
=====
Beginnig of X = (matlab base-1)
0.0011101243 
0.0011101243 
0.0011101243 
0.0011101243 
0.0011101243 
0.0011101243 
0.0011101243 
0.0011101243 
0.0011101243 
0.0011101243 
TIMINGS (seconds)
  to device 0.00715494
     solve  0.030514
from device 0.00657606
  GPU total 0.044275


++++++++++++++++++++++
running gpu version
++++++++++++++++++++++
On GPU NVIDIA H100 80GB HBM3 # 2
Matrix size 4500
Printing 10 elements
pivot is on : compute P*A = L*U 
top corner of A = (matlab base-1)
1.00 0.20 0.20 0.20 0.20 0.20 0.20 0.20 0.20 0.20 
0.20 1.00 0.20 0.20 0.20 0.20 0.20 0.20 0.20 0.20 
0.20 0.20 1.00 0.20 0.20 0.20 0.20 0.20 0.20 0.20 
0.20 0.20 0.20 1.00 0.20 0.20 0.20 0.20 0.20 0.20 
0.20 0.20 0.20 0.20 1.00 0.20 0.20 0.20 0.20 0.20 
0.20 0.20 0.20 0.20 0.20 1.00 0.20 0.20 0.20 0.20 
0.20 0.20 0.20 0.20 0.20 0.20 1.00 0.20 0.20 0.20 
0.20 0.20 0.20 0.20 0.20 0.20 0.20 1.00 0.20 0.20 
0.20 0.20 0.20 0.20 0.20 0.20 0.20 0.20 1.00 0.20 
0.20 0.20 0.20 0.20 0.20 0.20 0.20 0.20 0.20 1.00 
=====
Beginnig of B = (matlab base-1)
1.00 
1.00 
1.00 
1.00 
1.00 
1.00 
1.00 
1.00 
1.00 
1.00 
=====
beginning of pivoting sequence, matlab base-1
Ipiv(1) = 1
Ipiv(2) = 2
Ipiv(3) = 3
Ipiv(4) = 4
Ipiv(5) = 5
Ipiv(6) = 6
Ipiv(7) = 7
Ipiv(8) = 8
Ipiv(9) = 9
Ipiv(10) = 10
top corner of L and U = (matlab base-1)
1.00 0.20 0.20 0.20 0.20 0.20 0.20 0.20 0.20 0.20 
0.20 0.96 0.16 0.16 0.16 0.16 0.16 0.16 0.16 0.16 
0.20 0.17 0.93 0.13 0.13 0.13 0.13 0.13 0.13 0.13 
0.20 0.17 0.14 0.91 0.11 0.11 0.11 0.11 0.11 0.11 
0.20 0.17 0.14 0.12 0.90 0.10 0.10 0.10 0.10 0.10 
0.20 0.17 0.14 0.12 0.11 0.89 0.09 0.09 0.09 0.09 
0.20 0.17 0.14 0.12 0.11 0.10 0.88 0.08 0.08 0.08 
0.20 0.17 0.14 0.12 0.11 0.10 0.09 0.87 0.07 0.07 
0.20 0.17 0.14 0.12 0.11 0.10 0.09 0.08 0.87 0.07 
0.20 0.17 0.14 0.12 0.11 0.10 0.09 0.08 0.08 0.86 
=====
=====
Beginnig of X = (matlab base-1)
0.0011101243 
0.0011101243 
0.0011101243 
0.0011101243 
0.0011101243 
0.0011101243 
0.0011101243 
0.0011101243 
0.0011101243 
0.0011101243 
TIMINGS (seconds)
  to device 0.00704789
     solve  0.0304101
from device 0.006531
  GPU total 0.044024


++++++++++++++++++++++
running gpu version
++++++++++++++++++++++
On GPU NVIDIA H100 80GB HBM3 # 3
Matrix size 4500
Printing 10 elements
pivot is on : compute P*A = L*U 
top corner of A = (matlab base-1)
1.00 0.20 0.20 0.20 0.20 0.20 0.20 0.20 0.20 0.20 
0.20 1.00 0.20 0.20 0.20 0.20 0.20 0.20 0.20 0.20 
0.20 0.20 1.00 0.20 0.20 0.20 0.20 0.20 0.20 0.20 
0.20 0.20 0.20 1.00 0.20 0.20 0.20 0.20 0.20 0.20 
0.20 0.20 0.20 0.20 1.00 0.20 0.20 0.20 0.20 0.20 
0.20 0.20 0.20 0.20 0.20 1.00 0.20 0.20 0.20 0.20 
0.20 0.20 0.20 0.20 0.20 0.20 1.00 0.20 0.20 0.20 
0.20 0.20 0.20 0.20 0.20 0.20 0.20 1.00 0.20 0.20 
0.20 0.20 0.20 0.20 0.20 0.20 0.20 0.20 1.00 0.20 
0.20 0.20 0.20 0.20 0.20 0.20 0.20 0.20 0.20 1.00 
=====
Beginnig of B = (matlab base-1)
1.00 
1.00 
1.00 
1.00 
1.00 
1.00 
1.00 
1.00 
1.00 
1.00 
=====
beginning of pivoting sequence, matlab base-1
Ipiv(1) = 1
Ipiv(2) = 2
Ipiv(3) = 3
Ipiv(4) = 4
Ipiv(5) = 5
Ipiv(6) = 6
Ipiv(7) = 7
Ipiv(8) = 8
Ipiv(9) = 9
Ipiv(10) = 10
top corner of L and U = (matlab base-1)
1.00 0.20 0.20 0.20 0.20 0.20 0.20 0.20 0.20 0.20 
0.20 0.96 0.16 0.16 0.16 0.16 0.16 0.16 0.16 0.16 
0.20 0.17 0.93 0.13 0.13 0.13 0.13 0.13 0.13 0.13 
0.20 0.17 0.14 0.91 0.11 0.11 0.11 0.11 0.11 0.11 
0.20 0.17 0.14 0.12 0.90 0.10 0.10 0.10 0.10 0.10 
0.20 0.17 0.14 0.12 0.11 0.89 0.09 0.09 0.09 0.09 
0.20 0.17 0.14 0.12 0.11 0.10 0.88 0.08 0.08 0.08 
0.20 0.17 0.14 0.12 0.11 0.10 0.09 0.87 0.07 0.07 
0.20 0.17 0.14 0.12 0.11 0.10 0.09 0.08 0.87 0.07 
0.20 0.17 0.14 0.12 0.11 0.10 0.09 0.08 0.08 0.86 
=====
=====
Beginnig of X = (matlab base-1)
0.0011101243 
0.0011101243 
0.0011101243 
0.0011101243 
0.0011101243 
0.0011101243 
0.0011101243 
0.0011101243 
0.0011101243 
0.0011101243 
TIMINGS (seconds)
  to device 0.00700903
     solve  0.0306559
from device 0.0120752
  GPU total 0.0497711
Runtime 26.609 ./cudalib/factor 303.982 total
++++++++
./cudalib/fft


++++++++++++++
run 1 GPU version first
size 512,512,512
1073741824 bytes 
single GPU time 3.53451 seconds
using a total of 4 GPUs
starting multi
 multi GPU time 2.18065 seconds
// skip verify results


++++++++++++++
run 4 gpu version first
size 512,512,512
using a total of 4 GPUs
starting multi
 multi GPU time 5.63143 seconds
1073741824 bytes 
single GPU time 0.094012 seconds
// skip verify results


++++++++++++++
run fftw libsic version
cube size 512 elements 134217728
 create plan
 stuff in data
 do it
 clean up
create 3d plan        0.001290
 stuff in data        1.842932
        do fft        7.675943
Runtime 36.880 ./cudalib/fft 340.874 total
++++++++
./mpi/openacc/cray
Hello from x3100c0s5b0n0 running task 0 of 8 with pid 1947927
using nvidia
MPI VERSION    : CRAY MPICH version 8.1.28.15 (ANL base 3.4a2)
MPI BUILD INFO : Wed Nov 15 21:59 2023 (git hash 1cde46f)

matrix 46000 x 46000, 5 iterations with memory/task 16143 MB
      8738472 microseconds optimized (max)
      4876928 microseconds on host   (max)
      5387290 microseconds optimized (min)
      2975064 microseconds on host   (min)
Hello from x3100c0s9b0n0 running task 4 of 8 with pid 1922067
Hello from x3100c0s5b0n0 running task 1 of 8 with pid 1947928
Hello from x3100c0s5b0n0 running task 2 of 8 with pid 1947929
Hello from x3100c0s9b0n0 running task 6 of 8 with pid 1922069
Hello from x3100c0s5b0n0 running task 3 of 8 with pid 1947930
Hello from x3100c0s9b0n0 running task 7 of 8 with pid 1922070
Hello from x3100c0s9b0n0 running task 5 of 8 with pid 1922068
Runtime 34.796 ./mpi/openacc/cray 375.685 total
++++++++
./mpi/openacc/nvidia/nvidiaopenmpi
Hello from x3100c0s5b0n0 running task 0 of 8 with pid 1952492
using nvidia
Hello from x3100c0s5b0n0 running task 2 of 8 with pid 1952495
Hello from x3100c0s5b0n0 running task 3 of 8 with pid 1952496
Hello from x3100c0s5b0n0 running task 1 of 8 with pid 1952493
Hello from x3100c0s9b0n0 running task 4 of 8 with pid 1926081
Hello from x3100c0s9b0n0 running task 7 of 8 with pid 1926089
Hello from x3100c0s9b0n0 running task 5 of 8 with pid 1926084
Hello from x3100c0s9b0n0 running task 6 of 8 with pid 1926085
Open MPI v4.1.7a1, package: Open MPI qa@sky2 Distribution, ident: 4.1.7a1, repo rev: v4.1.5-105-g821f7a18fb, Unreleased developer copy
matrix 46000 x 46000, 5 iterations with memory/task 16143 MB
     17904285 microseconds optimized (max)
      6642377 microseconds on host   (max)
     17515277 microseconds optimized (min)
      6422424 microseconds on host   (min)
Runtime 52.181 ./mpi/openacc/nvidia/nvidiaopenmpi 427.884 total
++++++++
./mpi/openacc/nvidia/nrelopenmpi
Hello from x3100c0s5b0n0 running task 1 of 8 with pid 1959255
Hello from x3100c0s9b0n0 running task 4 of 8 with pid 1932287
Hello from x3100c0s5b0n0 running task 0 of 8 with pid 1959254
using nvidia
Open MPI v4.1.6, package: Open MPI warsalan@kl3 Distribution, ident: 4.1.6, repo rev: v4.1.6, Sep 30, 2023
matrix 46000 x 46000, 5 iterations with memory/task 16143 MB
      8524313 microseconds optimized (max)
      4184104 microseconds on host   (max)
      6070884 microseconds optimized (min)
      3501897 microseconds on host   (min)
Hello from x3100c0s5b0n0 running task 2 of 8 with pid 1959256
Hello from x3100c0s9b0n0 running task 5 of 8 with pid 1932288
Hello from x3100c0s5b0n0 running task 3 of 8 with pid 1959257
Hello from x3100c0s9b0n0 running task 6 of 8 with pid 1932289
Hello from x3100c0s9b0n0 running task 7 of 8 with pid 1932290
Runtime 36.894 ./mpi/openacc/nvidia/nrelopenmpi 464.793 total
++++++++
./mpi/cudaaware
Transfer size (B):          8, Transfer Time (s):     0.000015717, Bandwidth (GB/s):     0.000474060
Transfer size (B):         16, Transfer Time (s):     0.000015742, Bandwidth (GB/s):     0.000946575
Transfer size (B):         32, Transfer Time (s):     0.000015789, Bandwidth (GB/s):     0.001887483
Transfer size (B):         64, Transfer Time (s):     0.000015943, Bandwidth (GB/s):     0.003738637
Transfer size (B):        128, Transfer Time (s):     0.000016018, Bandwidth (GB/s):     0.007442399
Transfer size (B):        256, Transfer Time (s):     0.000016086, Bandwidth (GB/s):     0.014821219
Transfer size (B):        512, Transfer Time (s):     0.000015974, Bandwidth (GB/s):     0.029851335
Transfer size (B):       1024, Transfer Time (s):     0.000009010, Bandwidth (GB/s):     0.105850200
Transfer size (B):       2048, Transfer Time (s):     0.000009024, Bandwidth (GB/s):     0.211364457
Transfer size (B):       4096, Transfer Time (s):     0.000009029, Bandwidth (GB/s):     0.422503241
Transfer size (B):       8192, Transfer Time (s):     0.000008973, Bandwidth (GB/s):     0.850260340
Transfer size (B):      16384, Transfer Time (s):     0.000009263, Bandwidth (GB/s):     1.647276603
Transfer size (B):      32768, Transfer Time (s):     0.000009451, Bandwidth (GB/s):     3.229123901
Transfer size (B):      65536, Transfer Time (s):     0.000009453, Bandwidth (GB/s):     6.456744758
Transfer size (B):     131072, Transfer Time (s):     0.000010117, Bandwidth (GB/s):    12.066051506
Transfer size (B):     262144, Transfer Time (s):     0.000011399, Bandwidth (GB/s):    21.418493428
Transfer size (B):     524288, Transfer Time (s):     0.000013567, Bandwidth (GB/s):    35.989089351
Transfer size (B):    1048576, Transfer Time (s):     0.000017442, Bandwidth (GB/s):    55.989295910
Transfer size (B):    2097152, Transfer Time (s):     0.000025974, Bandwidth (GB/s):    75.195127133
Transfer size (B):    4194304, Transfer Time (s):     0.000042188, Bandwidth (GB/s):    92.590661224
Transfer size (B):    8388608, Transfer Time (s):     0.000074027, Bandwidth (GB/s):   105.535162222
Transfer size (B):   16777216, Transfer Time (s):     0.000137131, Bandwidth (GB/s):   113.941835481
Transfer size (B):   33554432, Transfer Time (s):     0.000263641, Bandwidth (GB/s):   118.532425200
Transfer size (B):   67108864, Transfer Time (s):     0.000515832, Bandwidth (GB/s):   121.163575887
Transfer size (B):  134217728, Transfer Time (s):     0.001019755, Bandwidth (GB/s):   122.578458868
Transfer size (B):  268435456, Transfer Time (s):     0.002027629, Bandwidth (GB/s):   123.296689524
Transfer size (B):  536870912, Transfer Time (s):     0.004042716, Bandwidth (GB/s):   123.679242357
Transfer size (B): 1073741824, Transfer Time (s):     0.008073112, Bandwidth (GB/s):   123.867964633
Transfer size (B):          8, Transfer Time (s):     0.000012562, Bandwidth (GB/s):     0.000593102
Transfer size (B):         16, Transfer Time (s):     0.000012937, Bandwidth (GB/s):     0.001151868
Transfer size (B):         32, Transfer Time (s):     0.000012832, Bandwidth (GB/s):     0.002322526
Transfer size (B):         64, Transfer Time (s):     0.000012841, Bandwidth (GB/s):     0.004641716
Transfer size (B):        128, Transfer Time (s):     0.000014008, Bandwidth (GB/s):     0.008510062
Transfer size (B):        256, Transfer Time (s):     0.000004682, Bandwidth (GB/s):     0.050919117
Transfer size (B):        512, Transfer Time (s):     0.000004336, Bandwidth (GB/s):     0.109959497
Transfer size (B):       1024, Transfer Time (s):     0.000004577, Bandwidth (GB/s):     0.208351390
Transfer size (B):       2048, Transfer Time (s):     0.000004758, Bandwidth (GB/s):     0.400912373
Transfer size (B):       4096, Transfer Time (s):     0.000004828, Bandwidth (GB/s):     0.790132658
Transfer size (B):       8192, Transfer Time (s):     0.000005158, Bandwidth (GB/s):     1.479215571
Transfer size (B):      16384, Transfer Time (s):     0.000005483, Bandwidth (GB/s):     2.782820475
Transfer size (B):      32768, Transfer Time (s):     0.000009677, Bandwidth (GB/s):     3.153694686
Transfer size (B):      65536, Transfer Time (s):     0.000011095, Bandwidth (GB/s):     5.501225007
Transfer size (B):     131072, Transfer Time (s):     0.000013894, Bandwidth (GB/s):     8.786037996
Transfer size (B):     262144, Transfer Time (s):     0.000019164, Bandwidth (GB/s):    12.739770222
Transfer size (B):     524288, Transfer Time (s):     0.000029985, Bandwidth (GB/s):    16.284411854
Transfer size (B):    1048576, Transfer Time (s):     0.000051778, Bandwidth (GB/s):    18.860488059
Transfer size (B):    2097152, Transfer Time (s):     0.000095137, Bandwidth (GB/s):    20.529565833
Transfer size (B):    4194304, Transfer Time (s):     0.000182002, Bandwidth (GB/s):    21.462697461
Transfer size (B):    8388608, Transfer Time (s):     0.000356165, Bandwidth (GB/s):    21.935048952
Transfer size (B):   16777216, Transfer Time (s):     0.000707123, Bandwidth (GB/s):    22.096586336
Transfer size (B):   33554432, Transfer Time (s):     0.001408025, Bandwidth (GB/s):    22.194210249
Transfer size (B):   67108864, Transfer Time (s):     0.002812298, Bandwidth (GB/s):    22.223821863
Transfer size (B):  134217728, Transfer Time (s):     0.005617389, Bandwidth (GB/s):    22.252330714
Transfer size (B):  268435456, Transfer Time (s):     0.011228344, Bandwidth (GB/s):    22.265082724
Transfer size (B):  536870912, Transfer Time (s):     0.022447344, Bandwidth (GB/s):    22.274350409
Transfer size (B): 1073741824, Transfer Time (s):     0.044962933, Bandwidth (GB/s):    22.240542192
Runtime 36.262 ./mpi/cudaaware 501.069 total
++++++++
./mpi/normal/intel+abi
runnning Fortran version
 Hello from x3100c0s5b0n0 #            1  of            4
 Hello from x3100c0s9b0n0 #            2  of            4
 Running:hellof                                                                                                                          
 Intel(R) MPI Library 2021.11 for Linux* OS

 Hello from x3100c0s5b0n0 #            0  of            4
 Hello from x3100c0s9b0n0 #            3  of            4

runnning C version
Hello from x3100c0s5b0n0 1 4
Hello from x3100c0s9b0n0 2 4
Running: helloc
Intel(R) MPI Library 2021.11 for Linux* OS

Hello from x3100c0s5b0n0 0 4
Hello from x3100c0s9b0n0 3 4

runnning Fortran version
 Hello from x3100c0s5b0n0 #            1  of            2
 Running:hellof                                                                                                                          
 Intel(R) MPI Library 2021.11 for Linux* OS

 Hello from x3100c0s5b0n0 #            0  of            2

runnning C version
Hello from x3100c0s9b0n0 1 2
Running: helloc
Intel(R) MPI Library 2021.11 for Linux* OS

Hello from x3100c0s9b0n0 0 2

runnning Fortran version
 Running:hellof                                                                                                                          
 MPI VERSION    : CRAY MPICH version 8.1.28.15 (ANL base 3.4a2)
MPI BUILD INFO : Wed Nov 15 21:00 2023 (git hash 1cde46f)

 Hello from x3100c0s5b0n0 #            0  of            4
 Hello from x3100c0s9b0n0 #            3  of            4
 Hello from x3100c0s5b0n0 #            1  of            4
 Hello from x3100c0s9b0n0 #            2  of            4

runnning C version
Hello from x3100c0s9b0n0 2 4
Running: helloc
MPI VERSION    : CRAY MPICH version 8.1.28.15 (ANL base 3.4a2)
MPI BUILD INFO : Wed Nov 15 21:00 2023 (git hash 1cde46f)

Hello from x3100c0s5b0n0 0 4
Hello from x3100c0s5b0n0 1 4
Hello from x3100c0s9b0n0 3 4

runnning Fortran version
 Running:hellof                                                                                                                          
 MPI VERSION    : CRAY MPICH version 8.1.28.15 (ANL base 3.4a2)
MPI BUILD INFO : Wed Nov 15 21:00 2023 (git hash 1cde46f)

 Hello from x3100c0s5b0n0 #            0  of            2
 Hello from x3100c0s5b0n0 #            1  of            2

runnning C version
Hello from x3100c0s5b0n0 1 2
Running: helloc
MPI VERSION    : CRAY MPICH version 8.1.28.15 (ANL base 3.4a2)
MPI BUILD INFO : Wed Nov 15 21:00 2023 (git hash 1cde46f)

Hello from x3100c0s5b0n0 0 2

Runtime 25.191 ./mpi/normal/intel+abi 526.278 total
++++++++
./mpi/normal/cray
runnning Fortran version
 Running:hellof                                                                                                                          
 MPI VERSION    : CRAY MPICH version 8.1.28.15 (ANL base 3.4a2)
MPI BUILD INFO : Wed Nov 15 20:31 2023 (git hash 1cde46f)

 Hello from x3100c0s5b0n0 #  0  of  4
 Hello from x3100c0s9b0n0 #  2  of  4
 Hello from x3100c0s5b0n0 #  1  of  4
 Hello from x3100c0s9b0n0 #  3  of  4

runnning C version
Running: helloc
MPI VERSION    : CRAY MPICH version 8.1.28.15 (ANL base 3.4a2)
MPI BUILD INFO : Wed Nov 15 20:31 2023 (git hash 1cde46f)

Hello from x3100c0s5b0n0 0 4
Hello from x3100c0s9b0n0 2 4
Hello from x3100c0s5b0n0 1 4
Hello from x3100c0s9b0n0 3 4

runnning Fortran version
 Hello from x3100c0s5b0n0 #  1  of  2
 Running:hellof                                                                                                                          
 MPI VERSION    : CRAY MPICH version 8.1.28.15 (ANL base 3.4a2)
MPI BUILD INFO : Wed Nov 15 20:31 2023 (git hash 1cde46f)

 Hello from x3100c0s5b0n0 #  0  of  2

runnning C version
Running: helloc
MPI VERSION    : CRAY MPICH version 8.1.28.15 (ANL base 3.4a2)
MPI BUILD INFO : Wed Nov 15 20:31 2023 (git hash 1cde46f)

Hello from x3100c0s5b0n0 0 2
Hello from x3100c0s5b0n0 1 2

runnning Fortran version with Intel backend
 Hello from x3100c0s9b0n0 #            2  of            4
 Running:
 hellof.i                                                                       
                                                  
 MPI VERSION    : CRAY MPICH version 8.1.28.15 (ANL base 3.4a2)
MPI BUILD INFO :
  Wed Nov 15 21:30 2023 (git hash 1cde46f)

 Hello from x3100c0s5b0n0 #            0  of            4
 Hello from x3100c0s5b0n0 #            1  of            4
 Hello from x3100c0s9b0n0 #            3  of            4

runnning C version with Intel backend
Running: helloc.i
MPI VERSION    : CRAY MPICH version 8.1.28.15 (ANL base 3.4a2)
MPI BUILD INFO : Wed Nov 15 21:30 2023 (git hash 1cde46f)

Hello from x3100c0s5b0n0 0 4
Hello from x3100c0s9b0n0 2 4
Hello from x3100c0s5b0n0 1 4
Hello from x3100c0s9b0n0 3 4

runnning Fortran version with Intel backend
 Running:
 hellof.i                                                                       
                                                  
 MPI VERSION    : CRAY MPICH version 8.1.28.15 (ANL base 3.4a2)
MPI BUILD INFO :
  Wed Nov 15 21:30 2023 (git hash 1cde46f)

 Hello from x3100c0s5b0n0 #            0  of            2
 Hello from x3100c0s5b0n0 #            1  of            2

runnning C version with Intel backend
Hello from x3100c0s5b0n0 1 2
Running: helloc.i
MPI VERSION    : CRAY MPICH version 8.1.28.15 (ANL base 3.4a2)
MPI BUILD INFO : Wed Nov 15 21:30 2023 (git hash 1cde46f)

Hello from x3100c0s5b0n0 0 2

runnning Fortran version with gnu backend
 Running:hellof.g                                                                                                                        
 MPI VERSION    : CRAY MPICH version 8.1.28.15 (ANL base 3.4a2)
MPI BUILD INFO : Wed Nov 15 21:00 2023 (git hash 1cde46f)

 Hello from x3100c0s5b0n0 #            0  of            4
 Hello from x3100c0s9b0n0 #            2  of            4
 Hello from x3100c0s5b0n0 #            1  of            4
 Hello from x3100c0s9b0n0 #            3  of            4

runnning C version with gnu backend
Hello from x3100c0s9b0n0 2 4
Running: helloc.g
MPI VERSION    : CRAY MPICH version 8.1.28.15 (ANL base 3.4a2)
MPI BUILD INFO : Wed Nov 15 21:00 2023 (git hash 1cde46f)

Hello from x3100c0s5b0n0 0 4
Hello from x3100c0s5b0n0 1 4
Hello from x3100c0s9b0n0 3 4

runnning Fortran version with gnu backend
 Hello from x3100c0s5b0n0 #            1  of            2
 Running:hellof.g                                                                                                                        
 MPI VERSION    : CRAY MPICH version 8.1.28.15 (ANL base 3.4a2)
MPI BUILD INFO : Wed Nov 15 21:00 2023 (git hash 1cde46f)

 Hello from x3100c0s5b0n0 #            0  of            2

runnning C version with gnu backend
Running: helloc.g
MPI VERSION    : CRAY MPICH version 8.1.28.15 (ANL base 3.4a2)
MPI BUILD INFO : Wed Nov 15 21:00 2023 (git hash 1cde46f)

Hello from x3100c0s5b0n0 0 2
Hello from x3100c0s5b0n0 1 2

Runtime 22.694 ./mpi/normal/cray 548.986 total
++++++++
./mpi/normal/nvidia/nvidiaopenmpi
runnning Fortran version
 Running:
 hellof                                                                                                                          
 Open MPI v4.1.7a1, package: Open MPI qa@sky2 Distribution, ident: 4.1.7a1, repo rev: v4.1.5-105-g821f7a18fb, Unreleased developer copy
 Hello from x3100c0s5b0n0 #             0  of             4
 Hello from x3100c0s5b0n0 #             1  of             4
 Hello from x3100c0s9b0n0 #             2  of             4
 Hello from x3100c0s9b0n0 #             3  of             4

runnning C version
Running: helloc
Open MPI v4.1.7a1, package: Open MPI qa@sky2 Distribution, ident: 4.1.7a1, repo rev: v4.1.5-105-g821f7a18fb, Unreleased developer copy
Hello from x3100c0s5b0n0 0 4
Hello from x3100c0s5b0n0 1 4
Hello from x3100c0s9b0n0 3 4
Hello from x3100c0s9b0n0 2 4

runnning Fortran version
 Running:
 hellof                                                                                                                          
 Open MPI v4.1.7a1, package: Open MPI qa@sky2 Distribution, ident: 4.1.7a1, repo rev: v4.1.5-105-g821f7a18fb, Unreleased developer copy
 Hello from x3100c0s5b0n0 #             0  of             2
 Hello from x3100c0s5b0n0 #             1  of             2

runnning C version
Running: helloc
Open MPI v4.1.7a1, package: Open MPI qa@sky2 Distribution, ident: 4.1.7a1, repo rev: v4.1.5-105-g821f7a18fb, Unreleased developer copy
Hello from x3100c0s5b0n0 0 2
Hello from x3100c0s5b0n0 1 2

Runtime 23.946 ./mpi/normal/nvidia/nvidiaopenmpi 572.946 total
++++++++
./mpi/normal/nvidia/nrelopenmpi
runnning Fortran version
 Hello from x3100c0s9b0n0 #             3  of             4
 Running:
 hellof                                                                                                                          
 Open MPI v4.1.6, package: Open MPI warsalan@kl3 Distribution, ident: 4.1.6, repo rev: v4.1.6, Sep 30, 2023
 Hello from x3100c0s5b0n0 #             0  of             4
 Hello from x3100c0s5b0n0 #             1  of             4
 Hello from x3100c0s9b0n0 #             2  of             4

runnning C version
Hello from x3100c0s9b0n0 3 4
Running: helloc
Open MPI v4.1.6, package: Open MPI warsalan@kl3 Distribution, ident: 4.1.6, repo rev: v4.1.6, Sep 30, 2023
Hello from x3100c0s5b0n0 0 4
Hello from x3100c0s5b0n0 1 4
Hello from x3100c0s9b0n0 2 4

runnning Fortran version
 Running:
 hellof                                                                                                                          
 Open MPI v4.1.6, package: Open MPI warsalan@kl3 Distribution, ident: 4.1.6, repo rev: v4.1.6, Sep 30, 2023
 Hello from x3100c0s5b0n0 #             0  of             2
 Hello from x3100c0s5b0n0 #             1  of             2

runnning C version
Hello from x3100c0s5b0n0 1 2
Running: helloc
Open MPI v4.1.6, package: Open MPI warsalan@kl3 Distribution, ident: 4.1.6, repo rev: v4.1.6, Sep 30, 2023
Hello from x3100c0s5b0n0 0 2

Runtime 27.844 ./mpi/normal/nvidia/nrelopenmpi 600.809 total
++++++++
./mpi/withcuda/cray
running staged on node
Transfer size (B):          8, Transfer Time (s):     0.000014893, Bandwidth (GB/s):     0.000500281
Transfer size (B):         16, Transfer Time (s):     0.000014299, Bandwidth (GB/s):     0.001042113
Transfer size (B):         32, Transfer Time (s):     0.000014068, Bandwidth (GB/s):     0.002118517
Transfer size (B):         64, Transfer Time (s):     0.000014240, Bandwidth (GB/s):     0.004185631
Transfer size (B):        128, Transfer Time (s):     0.000014423, Bandwidth (GB/s):     0.008265411
Transfer size (B):        256, Transfer Time (s):     0.000014602, Bandwidth (GB/s):     0.016328194
Transfer size (B):        512, Transfer Time (s):     0.000015102, Bandwidth (GB/s):     0.031574626
Transfer size (B):       1024, Transfer Time (s):     0.000015755, Bandwidth (GB/s):     0.060532341
Transfer size (B):       2048, Transfer Time (s):     0.000016906, Bandwidth (GB/s):     0.112821212
Transfer size (B):       4096, Transfer Time (s):     0.000019320, Bandwidth (GB/s):     0.197449121
Transfer size (B):       8192, Transfer Time (s):     0.000023119, Bandwidth (GB/s):     0.330005815
Transfer size (B):      16384, Transfer Time (s):     0.000041463, Bandwidth (GB/s):     0.368007195
Transfer size (B):      32768, Transfer Time (s):     0.000088289, Bandwidth (GB/s):     0.345654244
Transfer size (B):      65536, Transfer Time (s):     0.000164098, Bandwidth (GB/s):     0.371943781
Transfer size (B):     131072, Transfer Time (s):     0.000319013, Bandwidth (GB/s):     0.382650106
Transfer size (B):     262144, Transfer Time (s):     0.000603590, Bandwidth (GB/s):     0.404481079
Transfer size (B):     524288, Transfer Time (s):     0.000432641, Bandwidth (GB/s):     1.128604902
Transfer size (B):    1048576, Transfer Time (s):     0.000265688, Bandwidth (GB/s):     3.675597439
Transfer size (B):    2097152, Transfer Time (s):     0.000436792, Bandwidth (GB/s):     4.471526623
Transfer size (B):    4194304, Transfer Time (s):     0.000895346, Bandwidth (GB/s):     4.362837623
Transfer size (B):    8388608, Transfer Time (s):     0.001697327, Bandwidth (GB/s):     4.602825664
Transfer size (B):   16777216, Transfer Time (s):     0.003235176, Bandwidth (GB/s):     4.829722112
Transfer size (B):   33554432, Transfer Time (s):     0.005450929, Bandwidth (GB/s):     5.732967951
Transfer size (B):   67108864, Transfer Time (s):     0.011294783, Bandwidth (GB/s):     5.533528345
Transfer size (B):  134217728, Transfer Time (s):     0.021748466, Bandwidth (GB/s):     5.747531771
Transfer size (B):  268435456, Transfer Time (s):     0.042388494, Bandwidth (GB/s):     5.897826903
Transfer size (B):  536870912, Transfer Time (s):     0.083760749, Bandwidth (GB/s):     5.969383096
Transfer size (B): 1073741824, Transfer Time (s):     0.166350319, Bandwidth (GB/s):     6.011410162
running staged off node
Transfer size (B):          8, Transfer Time (s):     0.000014927, Bandwidth (GB/s):     0.000499147
Transfer size (B):         16, Transfer Time (s):     0.000015311, Bandwidth (GB/s):     0.000973250
Transfer size (B):         32, Transfer Time (s):     0.000015170, Bandwidth (GB/s):     0.001964518
Transfer size (B):         64, Transfer Time (s):     0.000015331, Bandwidth (GB/s):     0.003887813
Transfer size (B):        128, Transfer Time (s):     0.000016290, Bandwidth (GB/s):     0.007317893
Transfer size (B):        256, Transfer Time (s):     0.000016258, Bandwidth (GB/s):     0.014664368
Transfer size (B):        512, Transfer Time (s):     0.000016481, Bandwidth (GB/s):     0.028931836
Transfer size (B):       1024, Transfer Time (s):     0.000016484, Bandwidth (GB/s):     0.057854194
Transfer size (B):       2048, Transfer Time (s):     0.000017013, Bandwidth (GB/s):     0.112111905
Transfer size (B):       4096, Transfer Time (s):     0.000017541, Bandwidth (GB/s):     0.217478028
Transfer size (B):       8192, Transfer Time (s):     0.000018804, Bandwidth (GB/s):     0.405736416
Transfer size (B):      16384, Transfer Time (s):     0.000020327, Bandwidth (GB/s):     0.750676034
Transfer size (B):      32768, Transfer Time (s):     0.000034788, Bandwidth (GB/s):     0.877235320
Transfer size (B):      65536, Transfer Time (s):     0.000039087, Bandwidth (GB/s):     1.561525808
Transfer size (B):     131072, Transfer Time (s):     0.000051711, Bandwidth (GB/s):     2.360606468
Transfer size (B):     262144, Transfer Time (s):     0.000072402, Bandwidth (GB/s):     3.372033094
Transfer size (B):     524288, Transfer Time (s):     0.000110429, Bandwidth (GB/s):     4.421677120
Transfer size (B):    1048576, Transfer Time (s):     0.000190898, Bandwidth (GB/s):     5.115613319
Transfer size (B):    2097152, Transfer Time (s):     0.000319101, Bandwidth (GB/s):     6.120710038
Transfer size (B):    4194304, Transfer Time (s):     0.000580052, Bandwidth (GB/s):     6.734311188
Transfer size (B):    8388608, Transfer Time (s):     0.001102231, Bandwidth (GB/s):     7.087897569
Transfer size (B):   16777216, Transfer Time (s):     0.002133418, Bandwidth (GB/s):     7.323927258
Transfer size (B):   33554432, Transfer Time (s):     0.004200122, Bandwidth (GB/s):     7.440260228
Transfer size (B):   67108864, Transfer Time (s):     0.008323429, Bandwidth (GB/s):     7.508924778
Transfer size (B):  134217728, Transfer Time (s):     0.016553142, Bandwidth (GB/s):     7.551436554
Transfer size (B):  268435456, Transfer Time (s):     0.032982022, Bandwidth (GB/s):     7.579887016
Transfer size (B):  536870912, Transfer Time (s):     0.065796205, Bandwidth (GB/s):     7.599222447
Transfer size (B): 1073741824, Transfer Time (s):     0.131457772, Bandwidth (GB/s):     7.607005535
Runtime 88.726 ./mpi/withcuda/cray 689.552 total
++++++++
./mpi/withcuda/nvidia/nvidiaopenmpi
Run on a single node
Transfer size (B):          8, Transfer Time (s):     0.000012152, Bandwidth (GB/s):     0.000613114
Transfer size (B):         16, Transfer Time (s):     0.000012468, Bandwidth (GB/s):     0.001195171
Transfer size (B):         32, Transfer Time (s):     0.000012450, Bandwidth (GB/s):     0.002393669
Transfer size (B):         64, Transfer Time (s):     0.000012446, Bandwidth (GB/s):     0.004789030
Transfer size (B):        128, Transfer Time (s):     0.000013392, Bandwidth (GB/s):     0.008901257
Transfer size (B):        256, Transfer Time (s):     0.000013579, Bandwidth (GB/s):     0.017558277
Transfer size (B):        512, Transfer Time (s):     0.000013816, Bandwidth (GB/s):     0.034512777
Transfer size (B):       1024, Transfer Time (s):     0.000014030, Bandwidth (GB/s):     0.067974032
Transfer size (B):       2048, Transfer Time (s):     0.000014915, Bandwidth (GB/s):     0.127882693
Transfer size (B):       4096, Transfer Time (s):     0.000016065, Bandwidth (GB/s):     0.237448454
Transfer size (B):       8192, Transfer Time (s):     0.000017227, Bandwidth (GB/s):     0.442883752
Transfer size (B):      16384, Transfer Time (s):     0.000019741, Bandwidth (GB/s):     0.772931917
Transfer size (B):      32768, Transfer Time (s):     0.000029135, Bandwidth (GB/s):     1.047458155
Transfer size (B):      65536, Transfer Time (s):     0.000035214, Bandwidth (GB/s):     1.733258522
Transfer size (B):     131072, Transfer Time (s):     0.000047865, Bandwidth (GB/s):     2.550278134
Transfer size (B):     262144, Transfer Time (s):     0.000092686, Bandwidth (GB/s):     2.634065203
Transfer size (B):     524288, Transfer Time (s):     0.000137524, Bandwidth (GB/s):     3.550525157
Transfer size (B):    1048576, Transfer Time (s):     0.000221326, Bandwidth (GB/s):     4.412318586
Transfer size (B):    2097152, Transfer Time (s):     0.000357867, Bandwidth (GB/s):     5.457680187
Transfer size (B):    4194304, Transfer Time (s):     0.000644072, Bandwidth (GB/s):     6.064930066
Transfer size (B):    8388608, Transfer Time (s):     0.001232757, Bandwidth (GB/s):     6.337418554
Transfer size (B):   16777216, Transfer Time (s):     0.002463575, Bandwidth (GB/s):     6.342408975
Transfer size (B):   33554432, Transfer Time (s):     0.005358928, Bandwidth (GB/s):     5.831389723
Transfer size (B):   67108864, Transfer Time (s):     0.011124733, Bandwidth (GB/s):     5.618112312
Transfer size (B):  134217728, Transfer Time (s):     0.021886373, Bandwidth (GB/s):     5.711316373
Transfer size (B):  268435456, Transfer Time (s):     0.042812532, Bandwidth (GB/s):     5.839411635
Transfer size (B):  536870912, Transfer Time (s):     0.084632530, Bandwidth (GB/s):     5.907893808
Transfer size (B): 1073741824, Transfer Time (s):     0.168630595, Bandwidth (GB/s):     5.930121995
Run on two nodes
Transfer size (B):          8, Transfer Time (s):     0.000024590, Bandwidth (GB/s):     0.000302996
Transfer size (B):         16, Transfer Time (s):     0.000024899, Bandwidth (GB/s):     0.000598456
Transfer size (B):         32, Transfer Time (s):     0.000024989, Bandwidth (GB/s):     0.001192637
Transfer size (B):         64, Transfer Time (s):     0.000024963, Bandwidth (GB/s):     0.002387762
Transfer size (B):        128, Transfer Time (s):     0.000025134, Bandwidth (GB/s):     0.004742870
Transfer size (B):        256, Transfer Time (s):     0.000025591, Bandwidth (GB/s):     0.009316676
Transfer size (B):        512, Transfer Time (s):     0.000026469, Bandwidth (GB/s):     0.018015031
Transfer size (B):       1024, Transfer Time (s):     0.000026180, Bandwidth (GB/s):     0.036427020
Transfer size (B):       2048, Transfer Time (s):     0.000026831, Bandwidth (GB/s):     0.071087762
Transfer size (B):       4096, Transfer Time (s):     0.000028296, Bandwidth (GB/s):     0.134816346
Transfer size (B):       8192, Transfer Time (s):     0.000030291, Bandwidth (GB/s):     0.251867933
Transfer size (B):      16384, Transfer Time (s):     0.000035083, Bandwidth (GB/s):     0.434932623
Transfer size (B):      32768, Transfer Time (s):     0.000053464, Bandwidth (GB/s):     0.570808357
Transfer size (B):      65536, Transfer Time (s):     0.000074233, Bandwidth (GB/s):     0.822207345
Transfer size (B):     131072, Transfer Time (s):     0.000104337, Bandwidth (GB/s):     1.169962439
Transfer size (B):     262144, Transfer Time (s):     0.000195980, Bandwidth (GB/s):     1.245744203
Transfer size (B):     524288, Transfer Time (s):     0.000288924, Bandwidth (GB/s):     1.690001150
Transfer size (B):    1048576, Transfer Time (s):     0.000469421, Bandwidth (GB/s):     2.080355463
Transfer size (B):    2097152, Transfer Time (s):     0.000777599, Bandwidth (GB/s):     2.511739315
Transfer size (B):    4194304, Transfer Time (s):     0.001436585, Bandwidth (GB/s):     2.719122066
Transfer size (B):    8388608, Transfer Time (s):     0.002793967, Bandwidth (GB/s):     2.796203511
Transfer size (B):   16777216, Transfer Time (s):     0.005447720, Bandwidth (GB/s):     2.868172473
Transfer size (B):   33554432, Transfer Time (s):     0.011110017, Bandwidth (GB/s):     2.812776979
Transfer size (B):   67108864, Transfer Time (s):     0.022182203, Bandwidth (GB/s):     2.817574087
Transfer size (B):  134217728, Transfer Time (s):     0.043567349, Bandwidth (GB/s):     2.869121073
Transfer size (B):  268435456, Transfer Time (s):     0.085930536, Bandwidth (GB/s):     2.909326657
Transfer size (B):  536870912, Transfer Time (s):     0.218963477, Bandwidth (GB/s):     2.283485844
Transfer size (B): 1073741824, Transfer Time (s):     0.430733694, Bandwidth (GB/s):     2.321620097
Runtime 149.427 ./mpi/withcuda/nvidia/nvidiaopenmpi 838.997 total
++++++++
./mpi/withcuda/nvidia/nrelopenmpi
Run on a single node
Transfer size (B):          8, Transfer Time (s):     0.000014094, Bandwidth (GB/s):     0.000528636
Transfer size (B):         16, Transfer Time (s):     0.000014166, Bandwidth (GB/s):     0.001051875
Transfer size (B):         32, Transfer Time (s):     0.000014540, Bandwidth (GB/s):     0.002049615
Transfer size (B):         64, Transfer Time (s):     0.000014710, Bandwidth (GB/s):     0.004051896
Transfer size (B):        128, Transfer Time (s):     0.000014636, Bandwidth (GB/s):     0.008144992
Transfer size (B):        256, Transfer Time (s):     0.000014640, Bandwidth (GB/s):     0.016285645
Transfer size (B):        512, Transfer Time (s):     0.000014901, Bandwidth (GB/s):     0.032000346
Transfer size (B):       1024, Transfer Time (s):     0.000015499, Bandwidth (GB/s):     0.061530908
Transfer size (B):       2048, Transfer Time (s):     0.000016484, Bandwidth (GB/s):     0.115711195
Transfer size (B):       4096, Transfer Time (s):     0.000019388, Bandwidth (GB/s):     0.196752540
Transfer size (B):       8192, Transfer Time (s):     0.000023254, Bandwidth (GB/s):     0.328082925
Transfer size (B):      16384, Transfer Time (s):     0.000032214, Bandwidth (GB/s):     0.473668611
Transfer size (B):      32768, Transfer Time (s):     0.000055733, Bandwidth (GB/s):     0.547566100
Transfer size (B):      65536, Transfer Time (s):     0.000083200, Bandwidth (GB/s):     0.733594746
Transfer size (B):     131072, Transfer Time (s):     0.000138726, Bandwidth (GB/s):     0.879940715
Transfer size (B):     262144, Transfer Time (s):     0.000234380, Bandwidth (GB/s):     1.041642267
Transfer size (B):     524288, Transfer Time (s):     0.000424715, Bandwidth (GB/s):     1.149668879
Transfer size (B):    1048576, Transfer Time (s):     0.000919306, Bandwidth (GB/s):     1.062282817
Transfer size (B):    2097152, Transfer Time (s):     0.001782272, Bandwidth (GB/s):     1.095862564
Transfer size (B):    4194304, Transfer Time (s):     0.003549393, Bandwidth (GB/s):     1.100540435
Transfer size (B):    8388608, Transfer Time (s):     0.007089331, Bandwidth (GB/s):     1.102008086
Transfer size (B):   16777216, Transfer Time (s):     0.013798556, Bandwidth (GB/s):     1.132364847
Transfer size (B):   33554432, Transfer Time (s):     0.027596710, Bandwidth (GB/s):     1.132381380
Transfer size (B):   67108864, Transfer Time (s):     0.055811214, Bandwidth (GB/s):     1.119846625
Transfer size (B):  134217728, Transfer Time (s):     0.111437130, Bandwidth (GB/s):     1.121708719
Transfer size (B):  268435456, Transfer Time (s):     0.222308277, Bandwidth (GB/s):     1.124564515
Transfer size (B):  536870912, Transfer Time (s):     0.446958065, Bandwidth (GB/s):     1.118673180
Transfer size (B): 1073741824, Transfer Time (s):     0.889464033, Bandwidth (GB/s):     1.124272553
Run on two nodes
